  Compiling CUDA source file ..\..\..\..\cuda_func\cuda_func.cu...
  
  D:\research\VoxelHaptics\chai3d-3.1.1\examples\GLUT\cuda_functions>"C:\Program Files\NVIDIA GPU Computing Toolkit\CUDA\v10.1\bin\nvcc.exe" -gencode=arch=compute_35,code=\"sm_35,compute_35\" --use-local-env -ccbin "C:\Program Files (x86)\Microsoft Visual Studio\2017\Professional\VC\Tools\MSVC\14.16.27023\bin\HostX86\x64" -x cu  -I"C:\Program Files\NVIDIA GPU Computing Toolkit\CUDA\v10.1\include" -I"C:\vcpkg\installed\x64-windows\include" -I"C:\Program Files\NVIDIA GPU Computing Toolkit\CUDA\v10.1\include"     --keep-dir x64\Release -maxrregcount=0  --machine 64 --compile -cudart static     -DWIN32 -DWIN64 -DNDEBUG -D_CONSOLE -D_MBCS -Xcompiler "/EHsc /W3 /nologo /O2 /Fdx64\Release\vc141.pdb /FS /Zi  /MD " -o x64\Release\cuda_func.cu.obj "D:\research\VoxelHaptics\cuda_func\cuda_func.cu" 
c:\program files\nvidia gpu computing toolkit\cuda\v10.1\include\crt\math_functions.h : warning C4819: The file contains a character that cannot be represented in the current code page (949). Save the file in Unicode format to prevent data loss
c:\program files\nvidia gpu computing toolkit\cuda\v10.1\include\crt\math_functions.h(824): warning C4819: The file contains a character that cannot be represented in the current code page (949). Save the file in Unicode format to prevent data loss
c:\program files\nvidia gpu computing toolkit\cuda\v10.1\include\crt\math_functions.h(1759): warning C4819: The file contains a character that cannot be represented in the current code page (949). Save the file in Unicode format to prevent data loss
c:\program files\nvidia gpu computing toolkit\cuda\v10.1\include\crt\math_functions.h(2621): warning C4819: The file contains a character that cannot be represented in the current code page (949). Save the file in Unicode format to prevent data loss
c:\program files\nvidia gpu computing toolkit\cuda\v10.1\include\crt\math_functions.h(3460): warning C4819: The file contains a character that cannot be represented in the current code page (949). Save the file in Unicode format to prevent data loss
c:\program files\nvidia gpu computing toolkit\cuda\v10.1\include\crt\math_functions.h(4403): warning C4819: The file contains a character that cannot be represented in the current code page (949). Save the file in Unicode format to prevent data loss
c:\program files\nvidia gpu computing toolkit\cuda\v10.1\include\crt\math_functions.h(5301): warning C4819: The file contains a character that cannot be represented in the current code page (949). Save the file in Unicode format to prevent data loss
c:\program files\nvidia gpu computing toolkit\cuda\v10.1\include\crt\math_functions.h(6212): warning C4819: The file contains a character that cannot be represented in the current code page (949). Save the file in Unicode format to prevent data loss
c:\program files\nvidia gpu computing toolkit\cuda\v10.1\include\crt\math_functions.h(7093): warning C4819: The file contains a character that cannot be represented in the current code page (949). Save the file in Unicode format to prevent data loss
c:\program files\nvidia gpu computing toolkit\cuda\v10.1\include\crt\math_functions.h(7892): warning C4819: The file contains a character that cannot be represented in the current code page (949). Save the file in Unicode format to prevent data loss
c:\program files\nvidia gpu computing toolkit\cuda\v10.1\include\crt/device_functions.h : warning C4819: The file contains a character that cannot be represented in the current code page (949). Save the file in Unicode format to prevent data loss
c:\program files\nvidia gpu computing toolkit\cuda\v10.1\include\crt/device_functions.h(773): warning C4819: The file contains a character that cannot be represented in the current code page (949). Save the file in Unicode format to prevent data loss
c:\program files\nvidia gpu computing toolkit\cuda\v10.1\include\crt/device_functions.h(1628): warning C4819: The file contains a character that cannot be represented in the current code page (949). Save the file in Unicode format to prevent data loss
c:\program files\nvidia gpu computing toolkit\cuda\v10.1\include\crt\device_double_functions.h : warning C4819: The file contains a character that cannot be represented in the current code page (949). Save the file in Unicode format to prevent data loss
c:\program files\nvidia gpu computing toolkit\cuda\v10.1\include\sm_20_intrinsics.h : warning C4819: The file contains a character that cannot be represented in the current code page (949). Save the file in Unicode format to prevent data loss
c:\program files\nvidia gpu computing toolkit\cuda\v10.1\include\sm_20_intrinsics.h(925): warning C4819: The file contains a character that cannot be represented in the current code page (949). Save the file in Unicode format to prevent data loss
c:\program files\nvidia gpu computing toolkit\cuda\v10.1\include\crt\math_functions.h : warning C4819: The file contains a character that cannot be represented in the current code page (949). Save the file in Unicode format to prevent data loss
c:\program files\nvidia gpu computing toolkit\cuda\v10.1\include\crt\math_functions.h(824): warning C4819: The file contains a character that cannot be represented in the current code page (949). Save the file in Unicode format to prevent data loss
c:\program files\nvidia gpu computing toolkit\cuda\v10.1\include\crt\math_functions.h(1759): warning C4819: The file contains a character that cannot be represented in the current code page (949). Save the file in Unicode format to prevent data loss
c:\program files\nvidia gpu computing toolkit\cuda\v10.1\include\crt\math_functions.h(2621): warning C4819: The file contains a character that cannot be represented in the current code page (949). Save the file in Unicode format to prevent data loss
c:\program files\nvidia gpu computing toolkit\cuda\v10.1\include\crt\math_functions.h(3460): warning C4819: The file contains a character that cannot be represented in the current code page (949). Save the file in Unicode format to prevent data loss
c:\program files\nvidia gpu computing toolkit\cuda\v10.1\include\crt\math_functions.h(4403): warning C4819: The file contains a character that cannot be represented in the current code page (949). Save the file in Unicode format to prevent data loss
c:\program files\nvidia gpu computing toolkit\cuda\v10.1\include\crt\math_functions.h(5301): warning C4819: The file contains a character that cannot be represented in the current code page (949). Save the file in Unicode format to prevent data loss
c:\program files\nvidia gpu computing toolkit\cuda\v10.1\include\crt\math_functions.h(6212): warning C4819: The file contains a character that cannot be represented in the current code page (949). Save the file in Unicode format to prevent data loss
c:\program files\nvidia gpu computing toolkit\cuda\v10.1\include\crt\math_functions.h(7093): warning C4819: The file contains a character that cannot be represented in the current code page (949). Save the file in Unicode format to prevent data loss
c:\program files\nvidia gpu computing toolkit\cuda\v10.1\include\crt\math_functions.h(7892): warning C4819: The file contains a character that cannot be represented in the current code page (949). Save the file in Unicode format to prevent data loss
c:\program files\nvidia gpu computing toolkit\cuda\v10.1\include\crt/device_functions.h : warning C4819: The file contains a character that cannot be represented in the current code page (949). Save the file in Unicode format to prevent data loss
c:\program files\nvidia gpu computing toolkit\cuda\v10.1\include\crt/device_functions.h(773): warning C4819: The file contains a character that cannot be represented in the current code page (949). Save the file in Unicode format to prevent data loss
c:\program files\nvidia gpu computing toolkit\cuda\v10.1\include\crt/device_functions.h(1628): warning C4819: The file contains a character that cannot be represented in the current code page (949). Save the file in Unicode format to prevent data loss
c:\program files\nvidia gpu computing toolkit\cuda\v10.1\include\crt\device_double_functions.h : warning C4819: The file contains a character that cannot be represented in the current code page (949). Save the file in Unicode format to prevent data loss
c:\program files\nvidia gpu computing toolkit\cuda\v10.1\include\sm_20_intrinsics.h : warning C4819: The file contains a character that cannot be represented in the current code page (949). Save the file in Unicode format to prevent data loss
c:\program files\nvidia gpu computing toolkit\cuda\v10.1\include\sm_20_intrinsics.h(925): warning C4819: The file contains a character that cannot be represented in the current code page (949). Save the file in Unicode format to prevent data loss
  cuda_func.cu
c:\program files\nvidia gpu computing toolkit\cuda\v10.1\include\crt\math_functions.h : warning C4819: The file contains a character that cannot be represented in the current code page (949). Save the file in Unicode format to prevent data loss
c:\program files\nvidia gpu computing toolkit\cuda\v10.1\include\crt\math_functions.h(824): warning C4819: The file contains a character that cannot be represented in the current code page (949). Save the file in Unicode format to prevent data loss
c:\program files\nvidia gpu computing toolkit\cuda\v10.1\include\crt\math_functions.h(1759): warning C4819: The file contains a character that cannot be represented in the current code page (949). Save the file in Unicode format to prevent data loss
c:\program files\nvidia gpu computing toolkit\cuda\v10.1\include\crt\math_functions.h(2621): warning C4819: The file contains a character that cannot be represented in the current code page (949). Save the file in Unicode format to prevent data loss
c:\program files\nvidia gpu computing toolkit\cuda\v10.1\include\crt\math_functions.h(3461): warning C4819: The file contains a character that cannot be represented in the current code page (949). Save the file in Unicode format to prevent data loss
c:\program files\nvidia gpu computing toolkit\cuda\v10.1\include\crt\math_functions.h(4403): warning C4819: The file contains a character that cannot be represented in the current code page (949). Save the file in Unicode format to prevent data loss
c:\program files\nvidia gpu computing toolkit\cuda\v10.1\include\crt\math_functions.h(5301): warning C4819: The file contains a character that cannot be represented in the current code page (949). Save the file in Unicode format to prevent data loss
c:\program files\nvidia gpu computing toolkit\cuda\v10.1\include\crt\math_functions.h(6212): warning C4819: The file contains a character that cannot be represented in the current code page (949). Save the file in Unicode format to prevent data loss
c:\program files\nvidia gpu computing toolkit\cuda\v10.1\include\crt\math_functions.h(7093): warning C4819: The file contains a character that cannot be represented in the current code page (949). Save the file in Unicode format to prevent data loss
c:\program files\nvidia gpu computing toolkit\cuda\v10.1\include\crt\math_functions.h(7892): warning C4819: The file contains a character that cannot be represented in the current code page (949). Save the file in Unicode format to prevent data loss
     Creating library D:\research\VoxelHaptics\chai3d-3.1.1\x64\Release\cuda_functions.lib and object D:\research\VoxelHaptics\chai3d-3.1.1\x64\Release\cuda_functions.exp
  LINK : /LTCG specified but no code generation required; remove /LTCG from the link command line to improve linker performance
  cuda_functions.vcxproj -> D:\research\VoxelHaptics\chai3d-3.1.1\x64\Release\cuda_functions.exe
