d:\research\voxelhaptics\chai3d-3.1.1\obj/release/x64\vcpkg.applocal.log
d:\research\voxelhaptics\chai3d-3.1.1\obj\release\x64\gif_hash.obj
d:\research\voxelhaptics\chai3d-3.1.1\obj\release\x64\lib3ds_atmosphere.obj
d:\research\voxelhaptics\chai3d-3.1.1\obj\release\x64\lib3ds_chunktable.obj
d:\research\voxelhaptics\chai3d-3.1.1\obj\release\x64\lib3ds_math.obj
d:\research\voxelhaptics\chai3d-3.1.1\obj\release\x64\lib3ds_quat.obj
d:\research\voxelhaptics\chai3d-3.1.1\obj\release\x64\jaricom.obj
d:\research\voxelhaptics\chai3d-3.1.1\obj\release\x64\jchuff.obj
d:\research\voxelhaptics\chai3d-3.1.1\obj\release\x64\jcprepct.obj
d:\research\voxelhaptics\chai3d-3.1.1\obj\release\x64\jdcoefct.obj
d:\research\voxelhaptics\chai3d-3.1.1\obj\release\x64\jdsample.obj
d:\research\voxelhaptics\chai3d-3.1.1\obj\release\x64\jidctflt.obj
d:\research\voxelhaptics\chai3d-3.1.1\obj\release\x64\jquant2.obj
d:\research\voxelhaptics\chai3d-3.1.1\obj\release\x64\infback.obj
d:\research\voxelhaptics\chai3d-3.1.1\obj\release\x64\pngread.obj
d:\research\voxelhaptics\chai3d-3.1.1\obj\release\x64\pngwtran.obj
d:\research\voxelhaptics\chai3d-3.1.1\obj\release\x64\alcmodulator.obj
d:\research\voxelhaptics\chai3d-3.1.1\obj\release\x64\dsound.obj
d:\research\voxelhaptics\chai3d-3.1.1\obj\release\x64\mixer_sse.obj
d:\research\voxelhaptics\chai3d-3.1.1\obj\release\x64\alstate.obj
d:\research\voxelhaptics\chai3d-3.1.1\obj\release\x64\encode.obj
d:\research\voxelhaptics\chai3d-3.1.1\obj\release\x64\huffenc.obj
d:\research\voxelhaptics\chai3d-3.1.1\obj\release\x64\tokenize.obj
d:\research\voxelhaptics\chai3d-3.1.1\obj\release\x64\bitrate.obj
d:\research\voxelhaptics\chai3d-3.1.1\obj\release\x64\lookup.obj
d:\research\voxelhaptics\chai3d-3.1.1\obj\release\x64\lsp.obj
d:\research\voxelhaptics\chai3d-3.1.1\obj\release\x64\synthesis.obj
d:\research\voxelhaptics\chai3d-3.1.1\obj\release\x64\gif_font.obj
d:\research\voxelhaptics\chai3d-3.1.1\obj\release\x64\lib3ds_background.obj
d:\research\voxelhaptics\chai3d-3.1.1\obj\release\x64\lib3ds_matrix.obj
d:\research\voxelhaptics\chai3d-3.1.1\obj\release\x64\lib3ds_util.obj
d:\research\voxelhaptics\chai3d-3.1.1\obj\release\x64\jccoefct.obj
d:\research\voxelhaptics\chai3d-3.1.1\obj\release\x64\jcmarker.obj
d:\research\voxelhaptics\chai3d-3.1.1\obj\release\x64\jdapistd.obj
d:\research\voxelhaptics\chai3d-3.1.1\obj\release\x64\jddctmgr.obj
d:\research\voxelhaptics\chai3d-3.1.1\obj\release\x64\jdpostct.obj
d:\research\voxelhaptics\chai3d-3.1.1\obj\release\x64\jidctfst.obj
d:\research\voxelhaptics\chai3d-3.1.1\obj\release\x64\jutils.obj
d:\research\voxelhaptics\chai3d-3.1.1\obj\release\x64\compress.obj
d:\research\voxelhaptics\chai3d-3.1.1\obj\release\x64\gzclose.obj
d:\research\voxelhaptics\chai3d-3.1.1\obj\release\x64\inflate.obj
d:\research\voxelhaptics\chai3d-3.1.1\obj\release\x64\pngrio.obj
d:\research\voxelhaptics\chai3d-3.1.1\obj\release\x64\pngtrans.obj
d:\research\voxelhaptics\chai3d-3.1.1\obj\release\x64\pngwutil.obj
d:\research\voxelhaptics\chai3d-3.1.1\obj\release\x64\alu.obj
d:\research\voxelhaptics\chai3d-3.1.1\obj\release\x64\bs2b.obj
d:\research\voxelhaptics\chai3d-3.1.1\obj\release\x64\hrtf.obj
d:\research\voxelhaptics\chai3d-3.1.1\obj\release\x64\aleffect.obj
d:\research\voxelhaptics\chai3d-3.1.1\obj\release\x64\alfilter.obj
d:\research\voxelhaptics\chai3d-3.1.1\obj\release\x64\althunk.obj
d:\research\voxelhaptics\chai3d-3.1.1\obj\release\x64\collect.obj
d:\research\voxelhaptics\chai3d-3.1.1\obj\release\x64\encinfo.obj
d:\research\voxelhaptics\chai3d-3.1.1\obj\release\x64\enquant.obj
d:\research\voxelhaptics\chai3d-3.1.1\obj\release\x64\mcenc.obj
d:\research\voxelhaptics\chai3d-3.1.1\obj\release\x64\x86enc.obj
d:\research\voxelhaptics\chai3d-3.1.1\obj\release\x64\envelope.obj
d:\research\voxelhaptics\chai3d-3.1.1\obj\release\x64\registry.obj
d:\research\voxelhaptics\chai3d-3.1.1\obj\release\x64\sharedbook.obj
d:\research\voxelhaptics\chai3d-3.1.1\obj\release\x64\vorbisenc.obj
d:\research\voxelhaptics\chai3d-3.1.1\obj\release\x64\gif_err.obj
d:\research\voxelhaptics\chai3d-3.1.1\obj\release\x64\qprintf.obj
d:\research\voxelhaptics\chai3d-3.1.1\obj\release\x64\lib3ds_light.obj
d:\research\voxelhaptics\chai3d-3.1.1\obj\release\x64\lib3ds_track.obj
d:\research\voxelhaptics\chai3d-3.1.1\obj\release\x64\jccolor.obj
d:\research\voxelhaptics\chai3d-3.1.1\obj\release\x64\jctrans.obj
d:\research\voxelhaptics\chai3d-3.1.1\obj\release\x64\jdatadst.obj
d:\research\voxelhaptics\chai3d-3.1.1\obj\release\x64\jdhuff.obj
d:\research\voxelhaptics\chai3d-3.1.1\obj\release\x64\jerror.obj
d:\research\voxelhaptics\chai3d-3.1.1\obj\release\x64\jmemansi.obj
d:\research\voxelhaptics\chai3d-3.1.1\obj\release\x64\jquant1.obj
d:\research\voxelhaptics\chai3d-3.1.1\obj\release\x64\gzlib.obj
d:\research\voxelhaptics\chai3d-3.1.1\obj\release\x64\inftrees.obj
d:\research\voxelhaptics\chai3d-3.1.1\obj\release\x64\pngpread.obj
d:\research\voxelhaptics\chai3d-3.1.1\obj\release\x64\pngrutil.obj
d:\research\voxelhaptics\chai3d-3.1.1\obj\release\x64\uncompr.obj
d:\research\voxelhaptics\chai3d-3.1.1\obj\release\x64\zutil.obj
d:\research\voxelhaptics\chai3d-3.1.1\obj\release\x64\alc.obj
d:\research\voxelhaptics\chai3d-3.1.1\obj\release\x64\alcthread.obj
d:\research\voxelhaptics\chai3d-3.1.1\obj\release\x64\null.obj
d:\research\voxelhaptics\chai3d-3.1.1\obj\release\x64\mixer.obj
d:\research\voxelhaptics\chai3d-3.1.1\obj\release\x64\albuffer.obj
d:\research\voxelhaptics\chai3d-3.1.1\obj\release\x64\framing.obj
d:\research\voxelhaptics\chai3d-3.1.1\obj\release\x64\bitpack.obj
d:\research\voxelhaptics\chai3d-3.1.1\obj\release\x64\decode.obj
d:\research\voxelhaptics\chai3d-3.1.1\obj\release\x64\state.obj
d:\research\voxelhaptics\chai3d-3.1.1\obj\release\x64\mmxfrag.obj
d:\research\voxelhaptics\chai3d-3.1.1\obj\release\x64\x86cpu.obj
d:\research\voxelhaptics\chai3d-3.1.1\obj\release\x64\block.obj
d:\research\voxelhaptics\chai3d-3.1.1\obj\release\x64\res0.obj
d:\research\voxelhaptics\chai3d-3.1.1\obj\release\x64\yuv420_grey_c.obj
d:\research\voxelhaptics\chai3d-3.1.1\obj\release\x64\yuv420_rgb_c.obj
d:\research\voxelhaptics\chai3d-3.1.1\obj\release\x64\yuv_util.obj
d:\research\voxelhaptics\chai3d-3.1.1\obj\release\x64\getarg.obj
d:\research\voxelhaptics\chai3d-3.1.1\obj\release\x64\lib3ds_file.obj
d:\research\voxelhaptics\chai3d-3.1.1\obj\release\x64\lib3ds_shadow.obj
d:\research\voxelhaptics\chai3d-3.1.1\obj\release\x64\jcapistd.obj
d:\research\voxelhaptics\chai3d-3.1.1\obj\release\x64\jcinit.obj
d:\research\voxelhaptics\chai3d-3.1.1\obj\release\x64\jcparam.obj
d:\research\voxelhaptics\chai3d-3.1.1\obj\release\x64\jdinput.obj
d:\research\voxelhaptics\chai3d-3.1.1\obj\release\x64\jdtrans.obj
d:\research\voxelhaptics\chai3d-3.1.1\obj\release\x64\jidctint.obj
d:\research\voxelhaptics\chai3d-3.1.1\obj\release\x64\deflate.obj
d:\research\voxelhaptics\chai3d-3.1.1\obj\release\x64\pngmem.obj
d:\research\voxelhaptics\chai3d-3.1.1\obj\release\x64\pngwio.obj
d:\research\voxelhaptics\chai3d-3.1.1\obj\release\x64\alcreverb.obj
d:\research\voxelhaptics\chai3d-3.1.1\obj\release\x64\wave.obj
d:\research\voxelhaptics\chai3d-3.1.1\obj\release\x64\panning.obj
d:\research\voxelhaptics\chai3d-3.1.1\obj\release\x64\allistener.obj
d:\research\voxelhaptics\chai3d-3.1.1\obj\release\x64\decapiwrapper.obj
d:\research\voxelhaptics\chai3d-3.1.1\obj\release\x64\encapiwrapper.obj
d:\research\voxelhaptics\chai3d-3.1.1\obj\release\x64\fragment.obj
d:\research\voxelhaptics\chai3d-3.1.1\obj\release\x64\idct.obj
d:\research\voxelhaptics\chai3d-3.1.1\obj\release\x64\mmxencfrag.obj
d:\research\voxelhaptics\chai3d-3.1.1\obj\release\x64\mmxstate.obj
d:\research\voxelhaptics\chai3d-3.1.1\obj\release\x64\analysis.obj
d:\research\voxelhaptics\chai3d-3.1.1\obj\release\x64\floor1.obj
d:\research\voxelhaptics\chai3d-3.1.1\obj\release\x64\smallft.obj
d:\research\voxelhaptics\chai3d-3.1.1\obj\release\x64\dgif_lib.obj
d:\research\voxelhaptics\chai3d-3.1.1\obj\release\x64\lib3ds_camera.obj
d:\research\voxelhaptics\chai3d-3.1.1\obj\release\x64\lib3ds_mesh.obj
d:\research\voxelhaptics\chai3d-3.1.1\obj\release\x64\lib3ds_viewport.obj
d:\research\voxelhaptics\chai3d-3.1.1\obj\release\x64\jcdctmgr.obj
d:\research\voxelhaptics\chai3d-3.1.1\obj\release\x64\jcomapi.obj
d:\research\voxelhaptics\chai3d-3.1.1\obj\release\x64\jdcolor.obj
d:\research\voxelhaptics\chai3d-3.1.1\obj\release\x64\jdmaster.obj
d:\research\voxelhaptics\chai3d-3.1.1\obj\release\x64\jfdctfst.obj
d:\research\voxelhaptics\chai3d-3.1.1\obj\release\x64\jmemmgr.obj
d:\research\voxelhaptics\chai3d-3.1.1\obj\release\x64\adler32.obj
d:\research\voxelhaptics\chai3d-3.1.1\obj\release\x64\gzwrite.obj
d:\research\voxelhaptics\chai3d-3.1.1\obj\release\x64\png.obj
d:\research\voxelhaptics\chai3d-3.1.1\obj\release\x64\pngwrite.obj
d:\research\voxelhaptics\chai3d-3.1.1\obj\release\x64\alcecho.obj
d:\research\voxelhaptics\chai3d-3.1.1\obj\release\x64\loopback.obj
d:\research\voxelhaptics\chai3d-3.1.1\obj\release\x64\helpers.obj
d:\research\voxelhaptics\chai3d-3.1.1\obj\release\x64\alextension.obj
d:\research\voxelhaptics\chai3d-3.1.1\obj\release\x64\analyze.obj
d:\research\voxelhaptics\chai3d-3.1.1\obj\release\x64\internal.obj
d:\research\voxelhaptics\chai3d-3.1.1\obj\release\x64\quant.obj
d:\research\voxelhaptics\chai3d-3.1.1\obj\release\x64\info.obj
d:\research\voxelhaptics\chai3d-3.1.1\obj\release\x64\mapping0.obj
d:\research\voxelhaptics\chai3d-3.1.1\obj\release\x64\window.obj
d:\research\voxelhaptics\chai3d-3.1.1\obj\release\x64\yuv420_yuv_c.obj
d:\research\voxelhaptics\chai3d-3.1.1\obj\release\x64\egif_lib.obj
d:\research\voxelhaptics\chai3d-3.1.1\obj\release\x64\lib3ds_chunk.obj
d:\research\voxelhaptics\chai3d-3.1.1\obj\release\x64\lib3ds_io.obj
d:\research\voxelhaptics\chai3d-3.1.1\obj\release\x64\lib3ds_node.obj
d:\research\voxelhaptics\chai3d-3.1.1\obj\release\x64\jcapimin.obj
d:\research\voxelhaptics\chai3d-3.1.1\obj\release\x64\jcmainct.obj
d:\research\voxelhaptics\chai3d-3.1.1\obj\release\x64\jcsample.obj
d:\research\voxelhaptics\chai3d-3.1.1\obj\release\x64\jdarith.obj
d:\research\voxelhaptics\chai3d-3.1.1\obj\release\x64\jdmainct.obj
d:\research\voxelhaptics\chai3d-3.1.1\obj\release\x64\jfdctflt.obj
d:\research\voxelhaptics\chai3d-3.1.1\obj\release\x64\jmemnobs.obj
d:\research\voxelhaptics\chai3d-3.1.1\obj\release\x64\gzread.obj
d:\research\voxelhaptics\chai3d-3.1.1\obj\release\x64\pngerror.obj
d:\research\voxelhaptics\chai3d-3.1.1\obj\release\x64\pngset.obj
d:\research\voxelhaptics\chai3d-3.1.1\obj\release\x64\alcdedicated.obj
d:\research\voxelhaptics\chai3d-3.1.1\obj\release\x64\alcring.obj
d:\research\voxelhaptics\chai3d-3.1.1\obj\release\x64\winmm.obj
d:\research\voxelhaptics\chai3d-3.1.1\obj\release\x64\alauxeffectslot.obj
d:\research\voxelhaptics\chai3d-3.1.1\obj\release\x64\bitwise.obj
d:\research\voxelhaptics\chai3d-3.1.1\obj\release\x64\apiwrapper.obj
d:\research\voxelhaptics\chai3d-3.1.1\obj\release\x64\decinfo.obj
d:\research\voxelhaptics\chai3d-3.1.1\obj\release\x64\encfrag.obj
d:\research\voxelhaptics\chai3d-3.1.1\obj\release\x64\fdct.obj
d:\research\voxelhaptics\chai3d-3.1.1\obj\release\x64\infot.obj
d:\research\voxelhaptics\chai3d-3.1.1\obj\release\x64\rate.obj
d:\research\voxelhaptics\chai3d-3.1.1\obj\release\x64\codebook.obj
d:\research\voxelhaptics\chai3d-3.1.1\obj\release\x64\lpc.obj
d:\research\voxelhaptics\chai3d-3.1.1\obj\release\x64\psy.obj
d:\research\voxelhaptics\chai3d-3.1.1\obj\release\x64\gifalloc.obj
d:\research\voxelhaptics\chai3d-3.1.1\obj\release\x64\quantize.obj
d:\research\voxelhaptics\chai3d-3.1.1\obj\release\x64\lib3ds_material.obj
d:\research\voxelhaptics\chai3d-3.1.1\obj\release\x64\lib3ds_vector.obj
d:\research\voxelhaptics\chai3d-3.1.1\obj\release\x64\jcarith.obj
d:\research\voxelhaptics\chai3d-3.1.1\obj\release\x64\jcmaster.obj
d:\research\voxelhaptics\chai3d-3.1.1\obj\release\x64\jdapimin.obj
d:\research\voxelhaptics\chai3d-3.1.1\obj\release\x64\jdatasrc.obj
d:\research\voxelhaptics\chai3d-3.1.1\obj\release\x64\jdmarker.obj
d:\research\voxelhaptics\chai3d-3.1.1\obj\release\x64\jdmerge.obj
d:\research\voxelhaptics\chai3d-3.1.1\obj\release\x64\jfdctint.obj
d:\research\voxelhaptics\chai3d-3.1.1\obj\release\x64\crc32.obj
d:\research\voxelhaptics\chai3d-3.1.1\obj\release\x64\inffast.obj
d:\research\voxelhaptics\chai3d-3.1.1\obj\release\x64\pngget.obj
d:\research\voxelhaptics\chai3d-3.1.1\obj\release\x64\pngrtran.obj
d:\research\voxelhaptics\chai3d-3.1.1\obj\release\x64\trees.obj
d:\research\voxelhaptics\chai3d-3.1.1\obj\release\x64\alcconfig.obj
d:\research\voxelhaptics\chai3d-3.1.1\obj\release\x64\mmdevapi.obj
d:\research\voxelhaptics\chai3d-3.1.1\obj\release\x64\mixer_c.obj
d:\research\voxelhaptics\chai3d-3.1.1\obj\release\x64\alerror.obj
d:\research\voxelhaptics\chai3d-3.1.1\obj\release\x64\alsource.obj
d:\research\voxelhaptics\chai3d-3.1.1\obj\release\x64\dequant.obj
d:\research\voxelhaptics\chai3d-3.1.1\obj\release\x64\encoder_disabled.obj
d:\research\voxelhaptics\chai3d-3.1.1\obj\release\x64\huffdec.obj
d:\research\voxelhaptics\chai3d-3.1.1\obj\release\x64\mathops.obj
d:\research\voxelhaptics\chai3d-3.1.1\obj\release\x64\mmxfdct.obj
d:\research\voxelhaptics\chai3d-3.1.1\obj\release\x64\mmxidct.obj
d:\research\voxelhaptics\chai3d-3.1.1\obj\release\x64\x86state.obj
d:\research\voxelhaptics\chai3d-3.1.1\obj\release\x64\floor0.obj
d:\research\voxelhaptics\chai3d-3.1.1\obj\release\x64\mdct.obj
d:\research\voxelhaptics\chai3d-3.1.1\obj\release\x64\vorbisfile.obj
d:\research\voxelhaptics\chai3d-3.1.1\obj\release\x64\dev2gif.obj
d:\research\voxelhaptics\chai3d-3.1.1\obj\release\x64\glew.obj
d:\research\voxelhaptics\chai3d-3.1.1\obj\release\x64\vc90.pdb
d:\research\voxelhaptics\chai3d-3.1.1\obj\release\x64\theoraaudiointerface.obj
d:\research\voxelhaptics\chai3d-3.1.1\obj\release\x64\theorautil.obj
d:\research\voxelhaptics\chai3d-3.1.1\obj\release\x64\cdeltadevices.obj
d:\research\voxelhaptics\chai3d-3.1.1\obj\release\x64\ccamera.obj
d:\research\voxelhaptics\chai3d-3.1.1\obj\release\x64\cfileimagebmp.obj
d:\research\voxelhaptics\chai3d-3.1.1\obj\release\x64\calgorithmfingerproxy.obj
d:\research\voxelhaptics\chai3d-3.1.1\obj\release\x64\csegmentarray.obj
d:\research\voxelhaptics\chai3d-3.1.1\obj\release\x64\cspotlight.obj
d:\research\voxelhaptics\chai3d-3.1.1\obj\release\x64\cglobals.obj
d:\research\voxelhaptics\chai3d-3.1.1\obj\release\x64\cprecisionclock.obj
d:\research\voxelhaptics\chai3d-3.1.1\obj\release\x64\cbitmap.obj
d:\research\voxelhaptics\chai3d-3.1.1\obj\release\x64\cviewpanel.obj
d:\research\voxelhaptics\chai3d-3.1.1\obj\release\x64\cshapeline.obj
d:\research\voxelhaptics\chai3d-3.1.1\obj\release\x64\openal_audiointerface.obj
d:\research\voxelhaptics\chai3d-3.1.1\obj\release\x64\caudiosource.obj
d:\research\voxelhaptics\chai3d-3.1.1\obj\release\x64\cgenericdevice.obj
d:\research\voxelhaptics\chai3d-3.1.1\obj\release\x64\ceffectmagnet.obj
d:\research\voxelhaptics\chai3d-3.1.1\obj\release\x64\cfileimageppm.obj
d:\research\voxelhaptics\chai3d-3.1.1\obj\release\x64\ccolor.obj
d:\research\voxelhaptics\chai3d-3.1.1\obj\release\x64\cpointarray.obj
d:\research\voxelhaptics\chai3d-3.1.1\obj\release\x64\cshadowmap.obj
d:\research\voxelhaptics\chai3d-3.1.1\obj\release\x64\cshaderprogram.obj
d:\research\voxelhaptics\chai3d-3.1.1\obj\release\x64\cdial.obj
d:\research\voxelhaptics\chai3d-3.1.1\obj\release\x64\cmesh.obj
d:\research\voxelhaptics\chai3d-3.1.1\obj\release\x64\cvoxelobject.obj
d:\research\voxelhaptics\chai3d-3.1.1\obj\release\x64\theoraasync.obj
d:\research\voxelhaptics\chai3d-3.1.1\obj\release\x64\ccollisionaabbtree.obj
d:\research\voxelhaptics\chai3d-3.1.1\obj\release\x64\cleapdevices.obj
d:\research\voxelhaptics\chai3d-3.1.1\obj\release\x64\ceffectsurface.obj
d:\research\voxelhaptics\chai3d-3.1.1\obj\release\x64\cfileimagejpg.obj
d:\research\voxelhaptics\chai3d-3.1.1\obj\release\x64\calgorithmpotentialfield.obj
d:\research\voxelhaptics\chai3d-3.1.1\obj\release\x64\cimage.obj
d:\research\voxelhaptics\chai3d-3.1.1\obj\release\x64\cdirectionallight.obj
d:\research\voxelhaptics\chai3d-3.1.1\obj\release\x64\ctexture2d.obj
d:\research\voxelhaptics\chai3d-3.1.1\obj\release\x64\cstring.obj
d:\research\voxelhaptics\chai3d-3.1.1\obj\release\x64\cgenericwidget.obj
d:\research\voxelhaptics\chai3d-3.1.1\obj\release\x64\cmultimesh.obj
d:\research\voxelhaptics\chai3d-3.1.1\obj\release\x64\cshapetorus.obj
d:\research\voxelhaptics\chai3d-3.1.1\obj\release\x64\theoratimer.obj
d:\research\voxelhaptics\chai3d-3.1.1\obj\release\x64\theoravideoclip.obj
d:\research\voxelhaptics\chai3d-3.1.1\obj\release\x64\theoravideoclip_theora.obj
d:\research\voxelhaptics\chai3d-3.1.1\obj\release\x64\ccollisionbrute.obj
d:\research\voxelhaptics\chai3d-3.1.1\obj\release\x64\cmycustomdevice.obj
d:\research\voxelhaptics\chai3d-3.1.1\obj\release\x64\ceffectvibration.obj
d:\research\voxelhaptics\chai3d-3.1.1\obj\release\x64\cfileimagepng.obj
d:\research\voxelhaptics\chai3d-3.1.1\obj\release\x64\cgenericforcealgorithm.obj
d:\research\voxelhaptics\chai3d-3.1.1\obj\release\x64\cmultiimage.obj
d:\research\voxelhaptics\chai3d-3.1.1\obj\release\x64\cpositionallight.obj
d:\research\voxelhaptics\chai3d-3.1.1\obj\release\x64\ctexture3d.obj
d:\research\voxelhaptics\chai3d-3.1.1\obj\release\x64\cthread.obj
d:\research\voxelhaptics\chai3d-3.1.1\obj\release\x64\ctoolgripper.obj
d:\research\voxelhaptics\chai3d-3.1.1\obj\release\x64\cscope.obj
d:\research\voxelhaptics\chai3d-3.1.1\obj\release\x64\cshapecylinder.obj
d:\research\voxelhaptics\chai3d-3.1.1\obj\release\x64\theoraaudiopacketqueue.obj
d:\research\voxelhaptics\chai3d-3.1.1\obj\release\x64\theoravideoframe.obj
d:\research\voxelhaptics\chai3d-3.1.1\obj\release\x64\theoraworkerthread.obj
d:\research\voxelhaptics\chai3d-3.1.1\obj\release\x64\ccollisionaabb.obj
d:\research\voxelhaptics\chai3d-3.1.1\obj\release\x64\csixensedevices.obj
d:\research\voxelhaptics\chai3d-3.1.1\obj\release\x64\cframebuffer.obj
d:\research\voxelhaptics\chai3d-3.1.1\obj\release\x64\cfileaudiowav.obj
d:\research\voxelhaptics\chai3d-3.1.1\obj\release\x64\cfilemodelobj.obj
d:\research\voxelhaptics\chai3d-3.1.1\obj\release\x64\cprimitives.obj
d:\research\voxelhaptics\chai3d-3.1.1\obj\release\x64\cmaterial.obj
d:\research\voxelhaptics\chai3d-3.1.1\obj\release\x64\cshader.obj
d:\research\voxelhaptics\chai3d-3.1.1\obj\release\x64\ctoolcursor.obj
d:\research\voxelhaptics\chai3d-3.1.1\obj\release\x64\clevel.obj
d:\research\voxelhaptics\chai3d-3.1.1\obj\release\x64\cmultisegment.obj
d:\research\voxelhaptics\chai3d-3.1.1\obj\release\x64\cworld.obj
d:\research\voxelhaptics\chai3d-3.1.1\obj\release\x64\theoraframequeue.obj
d:\research\voxelhaptics\chai3d-3.1.1\obj\release\x64\caudiobuffer.obj
d:\research\voxelhaptics\chai3d-3.1.1\obj\release\x64\cgenerichapticdevice.obj
d:\research\voxelhaptics\chai3d-3.1.1\obj\release\x64\ceffectstickslip.obj
d:\research\voxelhaptics\chai3d-3.1.1\obj\release\x64\cfileimageraw.obj
d:\research\voxelhaptics\chai3d-3.1.1\obj\release\x64\cdisplaylist.obj
d:\research\voxelhaptics\chai3d-3.1.1\obj\release\x64\cfog.obj
d:\research\voxelhaptics\chai3d-3.1.1\obj\release\x64\ctrianglearray.obj
d:\research\voxelhaptics\chai3d-3.1.1\obj\release\x64\ctexture1d.obj
d:\research\voxelhaptics\chai3d-3.1.1\obj\release\x64\cfrequencycounter.obj
d:\research\voxelhaptics\chai3d-3.1.1\obj\release\x64\cbackground.obj
d:\research\voxelhaptics\chai3d-3.1.1\obj\release\x64\cgenericobject.obj
d:\research\voxelhaptics\chai3d-3.1.1\obj\release\x64\cshapesphere.obj
d:\research\voxelhaptics\chai3d-3.1.1\obj\release\x64\theoraexception.obj
d:\research\voxelhaptics\chai3d-3.1.1\obj\release\x64\caudiodevice.obj
d:\research\voxelhaptics\chai3d-3.1.1\obj\release\x64\chapticdevicehandler.obj
d:\research\voxelhaptics\chai3d-3.1.1\obj\release\x64\ceffectviscosity.obj
d:\research\voxelhaptics\chai3d-3.1.1\obj\release\x64\cfilemodel3ds.obj
d:\research\voxelhaptics\chai3d-3.1.1\obj\release\x64\cdraw3d.obj
d:\research\voxelhaptics\chai3d-3.1.1\obj\release\x64\cvideo.obj
d:\research\voxelhaptics\chai3d-3.1.1\obj\release\x64\cnormalmap.obj
d:\research\voxelhaptics\chai3d-3.1.1\obj\release\x64\cmutex.obj
d:\research\voxelhaptics\chai3d-3.1.1\obj\release\x64\chapticpoint.obj
d:\research\voxelhaptics\chai3d-3.1.1\obj\release\x64\cpanel.obj
d:\research\voxelhaptics\chai3d-3.1.1\obj\release\x64\cshapebox.obj
d:\research\voxelhaptics\chai3d-3.1.1\obj\release\x64\theoradatasource.obj
d:\research\voxelhaptics\chai3d-3.1.1\obj\release\x64\theoravideomanager.obj
d:\research\voxelhaptics\chai3d-3.1.1\obj\release\x64\cgenericcollision.obj
d:\research\voxelhaptics\chai3d-3.1.1\obj\release\x64\cphantomdevices.obj
d:\research\voxelhaptics\chai3d-3.1.1\obj\release\x64\cgenericeffect.obj
d:\research\voxelhaptics\chai3d-3.1.1\obj\release\x64\cfileimagegif.obj
d:\research\voxelhaptics\chai3d-3.1.1\obj\release\x64\cfilemodelstl.obj
d:\research\voxelhaptics\chai3d-3.1.1\obj\release\x64\cfont.obj
d:\research\voxelhaptics\chai3d-3.1.1\obj\release\x64\cgenericlight.obj
d:\research\voxelhaptics\chai3d-3.1.1\obj\release\x64\ctexturevideo.obj
d:\research\voxelhaptics\chai3d-3.1.1\obj\release\x64\cgenerictool.obj
d:\research\voxelhaptics\chai3d-3.1.1\obj\release\x64\clabel.obj
d:\research\voxelhaptics\chai3d-3.1.1\obj\release\x64\cmultipoint.obj
d:\research\voxelhaptics\chai3d-3.1.1\lib\release\x64\chai3d.lib
d:\research\voxelhaptics\chai3d-3.1.1\lib/release/x64\chai3d.lib
d:\research\voxelhaptics\chai3d-3.1.1\obj\release\x64\chai3d.tlog\chai3d.write.1u.tlog
d:\research\voxelhaptics\chai3d-3.1.1\obj\release\x64\chai3d.tlog\cl.command.1.tlog
d:\research\voxelhaptics\chai3d-3.1.1\obj\release\x64\chai3d.tlog\cl.read.1.tlog
d:\research\voxelhaptics\chai3d-3.1.1\obj\release\x64\chai3d.tlog\cl.write.1.tlog
d:\research\voxelhaptics\chai3d-3.1.1\obj\release\x64\chai3d.tlog\lib-link.read.1.tlog
d:\research\voxelhaptics\chai3d-3.1.1\obj\release\x64\chai3d.tlog\lib-link.write.1.tlog
d:\research\voxelhaptics\chai3d-3.1.1\obj\release\x64\chai3d.tlog\lib.command.1.tlog
