d:\research\voxelhaptics\chai3d-3.1.1\extras\freeglut\obj\release\x64\freeglut.pdb
d:\research\voxelhaptics\chai3d-3.1.1\extras\freeglut\obj\release\x64\freeglut_stroke_roman.obj
d:\research\voxelhaptics\chai3d-3.1.1\extras\freeglut\obj\release\x64\freeglut_stroke_mono_roman.obj
d:\research\voxelhaptics\chai3d-3.1.1\extras\freeglut\obj\release\x64\freeglut_state.obj
d:\research\voxelhaptics\chai3d-3.1.1\extras\freeglut\obj\release\x64\freeglut_spaceball.obj
d:\research\voxelhaptics\chai3d-3.1.1\extras\freeglut\obj\release\x64\freeglut_overlay.obj
d:\research\voxelhaptics\chai3d-3.1.1\extras\freeglut\obj\release\x64\freeglut_misc.obj
d:\research\voxelhaptics\chai3d-3.1.1\extras\freeglut\obj\release\x64\freeglut_menu.obj
d:\research\voxelhaptics\chai3d-3.1.1\extras\freeglut\obj\release\x64\freeglut_main.obj
d:\research\voxelhaptics\chai3d-3.1.1\extras\freeglut\obj\release\x64\freeglut_joystick.obj
d:\research\voxelhaptics\chai3d-3.1.1\extras\freeglut\obj\release\x64\freeglut_input_devices.obj
d:\research\voxelhaptics\chai3d-3.1.1\extras\freeglut\obj\release\x64\freeglut_init.obj
d:\research\voxelhaptics\chai3d-3.1.1\extras\freeglut\obj\release\x64\freeglut_glutfont_definitions.obj
d:\research\voxelhaptics\chai3d-3.1.1\extras\freeglut\obj\release\x64\freeglut_geometry.obj
d:\research\voxelhaptics\chai3d-3.1.1\extras\freeglut\obj\release\x64\freeglut_gamemode.obj
d:\research\voxelhaptics\chai3d-3.1.1\extras\freeglut\obj\release\x64\freeglut_font_data.obj
d:\research\voxelhaptics\chai3d-3.1.1\extras\freeglut\obj\release\x64\freeglut_font.obj
d:\research\voxelhaptics\chai3d-3.1.1\extras\freeglut\obj\release\x64\freeglut_ext.obj
d:\research\voxelhaptics\chai3d-3.1.1\extras\freeglut\obj\release\x64\freeglut_display.obj
d:\research\voxelhaptics\chai3d-3.1.1\extras\freeglut\obj\release\x64\freeglut_cursor.obj
d:\research\voxelhaptics\chai3d-3.1.1\extras\freeglut\obj\release\x64\freeglut_callbacks.obj
d:\research\voxelhaptics\chai3d-3.1.1\extras\freeglut\obj\release\x64\freeglut_window.obj
d:\research\voxelhaptics\chai3d-3.1.1\extras\freeglut\obj\release\x64\freeglut_videoresize.obj
d:\research\voxelhaptics\chai3d-3.1.1\extras\freeglut\obj\release\x64\freeglut_teapot.obj
d:\research\voxelhaptics\chai3d-3.1.1\extras\freeglut\obj\release\x64\freeglut_structure.obj
d:\research\voxelhaptics\chai3d-3.1.1\extras\freeglut\obj/release/x64\vcpkg.applocal.log
d:\research\voxelhaptics\chai3d-3.1.1\extras\freeglut\lib\release\x64\freeglut.lib
d:\research\voxelhaptics\chai3d-3.1.1\extras\freeglut\lib/release/x64\freeglut.lib
d:\research\voxelhaptics\chai3d-3.1.1\extras\freeglut\obj\release\x64\freeglut.tlog\cl.command.1.tlog
d:\research\voxelhaptics\chai3d-3.1.1\extras\freeglut\obj\release\x64\freeglut.tlog\cl.read.1.tlog
d:\research\voxelhaptics\chai3d-3.1.1\extras\freeglut\obj\release\x64\freeglut.tlog\cl.write.1.tlog
d:\research\voxelhaptics\chai3d-3.1.1\extras\freeglut\obj\release\x64\freeglut.tlog\freeglut.write.1u.tlog
d:\research\voxelhaptics\chai3d-3.1.1\extras\freeglut\obj\release\x64\freeglut.tlog\lib-link.read.1.tlog
d:\research\voxelhaptics\chai3d-3.1.1\extras\freeglut\obj\release\x64\freeglut.tlog\lib-link.write.1.tlog
d:\research\voxelhaptics\chai3d-3.1.1\extras\freeglut\obj\release\x64\freeglut.tlog\lib.command.1.tlog
